<?xml version="1.0" encoding="UTF-8"?>
<coverage generated="1601132954466" clover="3.2.0">
  <project timestamp="1601132954466" name="All files">
    <metrics statements="30" coveredstatements="30" conditionals="8" coveredconditionals="6" methods="9" coveredmethods="9" elements="47" coveredelements="45" complexity="0" loc="30" ncloc="30" packages="3" files="6" classes="6"/>
    <package name="src">
      <metrics statements="7" coveredstatements="7" conditionals="0" coveredconditionals="0" methods="1" coveredmethods="1"/>
      <file name="App.jsx" path="/Users/Chris/Programming/FEC/related-items/client/src/App.jsx">
        <metrics statements="7" coveredstatements="7" conditionals="0" coveredconditionals="0" methods="1" coveredmethods="1"/>
        <line num="9" count="1" type="stmt"/>
        <line num="15" count="1" type="stmt"/>
        <line num="19" count="1" type="stmt"/>
        <line num="26" count="1" type="stmt"/>
        <line num="28" count="1" type="stmt"/>
        <line num="30" count="1" type="stmt"/>
        <line num="32" count="1" type="stmt"/>
      </file>
    </package>
    <package name="src.components">
      <metrics statements="14" coveredstatements="14" conditionals="8" coveredconditionals="6" methods="5" coveredmethods="5"/>
      <file name="Outfit.jsx" path="/Users/Chris/Programming/FEC/related-items/client/src/components/Outfit.jsx">
        <metrics statements="2" coveredstatements="2" conditionals="0" coveredconditionals="0" methods="1" coveredmethods="1"/>
        <line num="3" count="1" type="stmt"/>
        <line num="4" count="1" type="stmt"/>
      </file>
      <file name="RelatedProducts.jsx" path="/Users/Chris/Programming/FEC/related-items/client/src/components/RelatedProducts.jsx">
        <metrics statements="12" coveredstatements="12" conditionals="8" coveredconditionals="6" methods="4" coveredmethods="4"/>
        <line num="6" count="2" type="stmt"/>
        <line num="7" count="15" type="stmt"/>
        <line num="9" count="15" type="stmt"/>
        <line num="11" count="15" type="stmt"/>
        <line num="12" count="6" type="cond" truecount="1" falsecount="1"/>
        <line num="13" count="6" type="stmt"/>
        <line num="17" count="15" type="stmt"/>
        <line num="18" count="1" type="cond" truecount="1" falsecount="1"/>
        <line num="19" count="1" type="stmt"/>
        <line num="23" count="15" type="stmt"/>
        <line num="34" count="107" type="stmt"/>
        <line num="44" count="2" type="stmt"/>
      </file>
    </package>
    <package name="src.components.product_card">
      <metrics statements="9" coveredstatements="9" conditionals="0" coveredconditionals="0" methods="3" coveredmethods="3"/>
      <file name="ProductCard.jsx" path="/Users/Chris/Programming/FEC/related-items/client/src/components/product_card/ProductCard.jsx">
        <metrics statements="3" coveredstatements="3" conditionals="0" coveredconditionals="0" methods="1" coveredmethods="1"/>
        <line num="7" count="2" type="stmt"/>
        <line num="9" count="109" type="stmt"/>
        <line num="16" count="2" type="stmt"/>
      </file>
      <file name="ProductImage.jsx" path="/Users/Chris/Programming/FEC/related-items/client/src/components/product_card/ProductImage.jsx">
        <metrics statements="3" coveredstatements="3" conditionals="0" coveredconditionals="0" methods="1" coveredmethods="1"/>
        <line num="5" count="2" type="stmt"/>
        <line num="7" count="109" type="stmt"/>
        <line num="11" count="2" type="stmt"/>
      </file>
      <file name="ProductInfo.jsx" path="/Users/Chris/Programming/FEC/related-items/client/src/components/product_card/ProductInfo.jsx">
        <metrics statements="3" coveredstatements="3" conditionals="0" coveredconditionals="0" methods="1" coveredmethods="1"/>
        <line num="4" count="2" type="stmt"/>
        <line num="6" count="112" type="stmt"/>
        <line num="19" count="2" type="stmt"/>
      </file>
    </package>
  </project>
</coverage>
