{"/Users/Chris/Programming/FEC/related-items/client/src/App.jsx": {"path":"/Users/Chris/Programming/FEC/related-items/client/src/App.jsx","statementMap":{"0":{"start":{"line":9,"column":13},"end":{"line":13,"column":1}},"1":{"start":{"line":15,"column":16},"end":{"line":17,"column":1}},"2":{"start":{"line":19,"column":15},"end":{"line":24,"column":1}},"3":{"start":{"line":26,"column":12},"end":{"line":45,"column":1}},"4":{"start":{"line":28,"column":2},"end":{"line":43,"column":14}}},"fnMap":{"0":{"name":"(anonymous_0)","decl":{"start":{"line":26,"column":12},"end":{"line":26,"column":13}},"loc":{"start":{"line":28,"column":2},"end":{"line":43,"column":14}},"line":28}},"branchMap":{},"s":{"0":1,"1":1,"2":1,"3":1,"4":2},"f":{"0":2},"b":{},"_coverageSchema":"1a1c01bbd47fc00a2c39e90264f33305004495a9","hash":"a3247cca27e8b1cae2cc005e55ca8058467c3506"}
,"/Users/Chris/Programming/FEC/related-items/client/src/components/Outfit.jsx": {"path":"/Users/Chris/Programming/FEC/related-items/client/src/components/Outfit.jsx","statementMap":{"0":{"start":{"line":3,"column":15},"end":{"line":5,"column":1}},"1":{"start":{"line":4,"column":2},"end":{"line":4,"column":17}}},"fnMap":{"0":{"name":"(anonymous_0)","decl":{"start":{"line":3,"column":15},"end":{"line":3,"column":16}},"loc":{"start":{"line":4,"column":2},"end":{"line":4,"column":17}},"line":4}},"branchMap":{},"s":{"0":1,"1":2},"f":{"0":2},"b":{},"_coverageSchema":"1a1c01bbd47fc00a2c39e90264f33305004495a9","hash":"0ad15c0f0675d2b35d2bcf34f2650ea4fbe40d23"}
,"/Users/Chris/Programming/FEC/related-items/client/src/components/RelatedProducts.jsx": {"path":"/Users/Chris/Programming/FEC/related-items/client/src/components/RelatedProducts.jsx","statementMap":{"0":{"start":{"line":8,"column":13},"end":{"line":12,"column":1}},"1":{"start":{"line":14,"column":16},"end":{"line":16,"column":1}},"2":{"start":{"line":18,"column":15},"end":{"line":23,"column":1}},"3":{"start":{"line":25,"column":13},"end":{"line":25,"column":38}},"4":{"start":{"line":27,"column":14},"end":{"line":27,"column":56}},"5":{"start":{"line":29,"column":24},"end":{"line":39,"column":1}},"6":{"start":{"line":31,"column":2},"end":{"line":37,"column":8}},"7":{"start":{"line":34,"column":8},"end":{"line":34,"column":87}}},"fnMap":{"0":{"name":"(anonymous_0)","decl":{"start":{"line":29,"column":24},"end":{"line":29,"column":25}},"loc":{"start":{"line":31,"column":2},"end":{"line":37,"column":8}},"line":31},"1":{"name":"(anonymous_1)","decl":{"start":{"line":33,"column":17},"end":{"line":33,"column":18}},"loc":{"start":{"line":34,"column":8},"end":{"line":34,"column":87}},"line":34}},"branchMap":{},"s":{"0":2,"1":2,"2":2,"3":2,"4":2,"5":2,"6":7,"7":49},"f":{"0":7,"1":49},"b":{},"_coverageSchema":"1a1c01bbd47fc00a2c39e90264f33305004495a9","hash":"ae5252cf50994991932218141a2d24015b856397"}
,"/Users/Chris/Programming/FEC/related-items/client/src/components/product_card/ProductCard.jsx": {"path":"/Users/Chris/Programming/FEC/related-items/client/src/components/product_card/ProductCard.jsx","statementMap":{"0":{"start":{"line":7,"column":20},"end":{"line":14,"column":1}},"1":{"start":{"line":9,"column":2},"end":{"line":12,"column":9}},"2":{"start":{"line":16,"column":0},"end":{"line":30,"column":2}}},"fnMap":{"0":{"name":"(anonymous_0)","decl":{"start":{"line":7,"column":20},"end":{"line":7,"column":21}},"loc":{"start":{"line":9,"column":2},"end":{"line":12,"column":9}},"line":9}},"branchMap":{},"s":{"0":2,"1":39,"2":2},"f":{"0":39},"b":{},"_coverageSchema":"1a1c01bbd47fc00a2c39e90264f33305004495a9","hash":"18a2e5bf58d24e8f6eff297e45a8d48a08dedefa"}
,"/Users/Chris/Programming/FEC/related-items/client/src/components/product_card/ProductImage.jsx": {"path":"/Users/Chris/Programming/FEC/related-items/client/src/components/product_card/ProductImage.jsx","statementMap":{"0":{"start":{"line":5,"column":21},"end":{"line":9,"column":1}},"1":{"start":{"line":7,"column":2},"end":{"line":7,"column":71}},"2":{"start":{"line":11,"column":0},"end":{"line":16,"column":2}}},"fnMap":{"0":{"name":"(anonymous_0)","decl":{"start":{"line":5,"column":21},"end":{"line":5,"column":22}},"loc":{"start":{"line":7,"column":2},"end":{"line":7,"column":71}},"line":7}},"branchMap":{},"s":{"0":2,"1":43,"2":2},"f":{"0":43},"b":{},"_coverageSchema":"1a1c01bbd47fc00a2c39e90264f33305004495a9","hash":"752c76302885a55ab329aa58878d15396771b5d5"}
,"/Users/Chris/Programming/FEC/related-items/client/src/components/product_card/ProductInfo.jsx": {"path":"/Users/Chris/Programming/FEC/related-items/client/src/components/product_card/ProductInfo.jsx","statementMap":{"0":{"start":{"line":4,"column":20},"end":{"line":17,"column":1}},"1":{"start":{"line":6,"column":2},"end":{"line":15,"column":8}},"2":{"start":{"line":19,"column":0},"end":{"line":27,"column":2}}},"fnMap":{"0":{"name":"(anonymous_0)","decl":{"start":{"line":4,"column":20},"end":{"line":4,"column":21}},"loc":{"start":{"line":6,"column":2},"end":{"line":15,"column":8}},"line":6}},"branchMap":{},"s":{"0":2,"1":42,"2":2},"f":{"0":42},"b":{},"_coverageSchema":"1a1c01bbd47fc00a2c39e90264f33305004495a9","hash":"1ccdd89391153fad38e56b7285480b9b31352fe9"}
}
