TN:
SF:client/src/App.jsx
FN:8,(anonymous_0)
FNF:1
FNH:1
FNDA:2,(anonymous_0)
DA:8,1
DA:10,2
LF:2
LH:2
BRF:0
BRH:0
end_of_record
TN:
SF:client/src/components/Outfit.jsx
FN:3,(anonymous_0)
FNF:1
FNH:1
FNDA:2,(anonymous_0)
DA:3,1
DA:4,2
LF:2
LH:2
BRF:0
BRH:0
end_of_record
TN:
SF:client/src/components/RelatedProducts.jsx
FN:3,(anonymous_0)
FNF:1
FNH:1
FNDA:7,(anonymous_0)
DA:3,2
DA:4,7
LF:2
LH:2
BRF:0
BRH:0
end_of_record
TN:
SF:client/src/components/related_products/ProductCard.jsx
FN:4,(anonymous_0)
FNF:1
FNH:1
FNDA:4,(anonymous_0)
DA:4,1
DA:5,4
DA:14,1
DA:25,1
LF:4
LH:4
BRF:0
BRH:0
end_of_record
