TN:
SF:client/src/App.jsx
FN:30,(anonymous_0)
FNF:1
FNH:1
FNDA:1,(anonymous_0)
DA:9,1
DA:15,1
DA:19,1
DA:26,1
DA:28,1
DA:30,1
DA:32,1
LF:7
LH:7
BRF:0
BRH:0
end_of_record
TN:
SF:client/src/components/Outfit.jsx
FN:3,(anonymous_0)
FNF:1
FNH:1
FNDA:1,(anonymous_0)
DA:3,1
DA:4,1
LF:2
LH:2
BRF:0
BRH:0
end_of_record
TN:
SF:client/src/components/RelatedProducts.jsx
FN:6,(anonymous_0)
FN:11,(anonymous_1)
FN:17,(anonymous_2)
FN:33,(anonymous_3)
FNF:4
FNH:4
FNDA:15,(anonymous_0)
FNDA:6,(anonymous_1)
FNDA:1,(anonymous_2)
FNDA:105,(anonymous_3)
DA:6,2
DA:7,15
DA:9,15
DA:11,15
DA:12,6
DA:13,6
DA:17,15
DA:18,1
DA:19,1
DA:23,15
DA:34,105
DA:44,2
LF:12
LH:12
BRDA:12,0,0,6
BRDA:12,0,1,0
BRDA:18,1,0,1
BRDA:18,1,1,0
BRDA:38,2,0,6
BRDA:38,2,1,9
BRDA:39,3,0,14
BRDA:39,3,1,1
BRF:8
BRH:6
end_of_record
TN:
SF:client/src/components/product_card/ProductCard.jsx
FN:7,(anonymous_0)
FNF:1
FNH:1
FNDA:109,(anonymous_0)
DA:7,2
DA:9,109
DA:16,2
LF:3
LH:3
BRF:0
BRH:0
end_of_record
TN:
SF:client/src/components/product_card/ProductImage.jsx
FN:5,(anonymous_0)
FNF:1
FNH:1
FNDA:109,(anonymous_0)
DA:5,2
DA:7,109
DA:11,2
LF:3
LH:3
BRF:0
BRH:0
end_of_record
TN:
SF:client/src/components/product_card/ProductInfo.jsx
FN:4,(anonymous_0)
FNF:1
FNH:1
FNDA:112,(anonymous_0)
DA:4,2
DA:6,112
DA:19,2
LF:3
LH:3
BRF:0
BRH:0
end_of_record
